********************************************************************************
DUPLICATOR-LITE PACKAGE-LOG: July 3, 2020 3:18 pm
NOTICE: Do NOT post to public sites or forums 
********************************************************************************
VERSION:	1.3.36
WORDPRESS:	5.4.2
PHP INFO:	7.3.18 | SAPI: apache2handler
SERVER:		Apache/2.4.43 (Win64) OpenSSL/1.1.1g PHP/7.3.18 
PHP TIME LIMIT: (0) no time limit imposed 
PHP MAX MEMORY: 4294967296 (512M default) 
MEMORY STACK: 12MB

********************************************************************************
DATABASE:
********************************************************************************
BUILD MODE:   MYSQLDUMP
MYSQLTIMEOUT: 5000
MYSQLDUMP:    Is Supported
SQL CREATED: 20200703_toolsxtra_26144f49ad62ead71614_20200703151750_database.sql
SQL FILE SIZE: 2.15MB (2259368)
SQL FILE TIME: 2020-07-03 15:18:48
SQL RUNTIME: 4.56 sec.

********************************************************************************
ARCHIVE (ZIP):
********************************************************************************
ARCHIVE DIR:  C:/xampp/htdocs/wordpress
ARCHIVE FILE: 20200703_toolsxtra_26144f49ad62ead71614_20200703151750_archive.zip
FILTERS: *OFF*
DIRS:
	not set
FILES:
	not set
EXTS:  not set
----------------------------------------
COMPRESSING
SIZE:	331.72MB
STATS:	Dirs 1,238 | Files 8,654
SQL ADDED: 20200703_toolsxtra_26144f49ad62ead71614_20200703151750_database.sql
ZipArchive Object
(
    [status] => 0
    [statusSys] => 0
    [numFiles] => 9892
    [filename] => C:\xampp\htdocs\wordpress\wp-content\backups-dup-lite\tmp\20200703_toolsxtra_26144f49ad62ead71614_20200703151750_archive.zip
    [comment] => 
)

FILE ADDED TO ZIP: 9891
COMPRESSION RESULT: '1'
COMPRESSED SIZE: 232.29MB
ARCHIVE RUNTIME: 107.13 sec.
MEMORY STACK: 14MB
building installer
add_extra_files1
add_extra_files2
add_extra_files3
add_extra_files4
Doing archive file check
add_extra_files5
add_extra_files6
add_extra_files8
Successfully opened zip C:/xampp/htdocs/wordpress/wp-content/backups-dup-lite/tmp/20200703_toolsxtra_26144f49ad62ead71614_20200703151750_archive.zip
Adding enhanced installer files to archive using ZipArchive
Installer files added to archive
Added to archive
After ziparchive close when adding installer

********************************************************************************
INTEGRITY CHECKS:
********************************************************************************
SQL FILE: 2.15MB
INSTALLER FILE: 61.32KB
ARCHIVE FILE: 233.81MB 
EXPECTED FILE/DIRECTORY COUNT: 9,892
ACTUAL FILE/DIRECTORY COUNT: 9,891
ARCHIVE CONSISTENCY TEST: Pass

********************************************************************************
RECORD ID:[1]
TOTAL PROCESS RUNTIME: 119.20 sec.
PEAK PHP MEMORY USED: 16MB
DONE PROCESSING => 20200703_toolsxtra July 3, 2020 3:20 pm

